<?xml version="1.0" encoding="utf-8"?>
<testsuites>
  <testsuite errors="0" 
  failures="0" name="pytest" skipped="0" tests="11" time="2.372"> <testcase classname="tests.rsci.test_telemetry.TestTelemetry" 
      file="tests/rsci/test_telemetry.py" 
      line="6" 
      name="test_benchmark" time="1.006"></testcase>
      <testcase classname="tests.rsci.test_wrapper.TestWrappers" file="tests/rsci/test_wrapper.py" line="14" name="test_report_time" time="0.020"></testcase><testcase classname="tests.telemetry.decorators_test.TestTelemetryWrappers" file="tests/telemetry/decorators_test.py" line="18" name="test_constants" time="0.018"></testcase><testcase classname="tests.telemetry.telemetry_test.TestTelemetry" file="tests/telemetry/telemetry_test.py" line="14" name="test_constants" time="0.001"></testcase><testcase classname="tests.telemetry.telemetry_test.TestTelemetry" file="tests/telemetry/telemetry_test.py" line="17" name="test_init" time="0.001"></testcase><testcase classname="tests.telemetry.telemetry_test.TestTelemetry" file="tests/telemetry/telemetry_test.py" line="20" name="test_gauge" time="0.000"></testcase><testcase classname="tests.telemetry.telemetry_test.TestTelemetry" file="tests/telemetry/telemetry_test.py" line="29" name="test_incr" time="0.000"></testcase><testcase classname="tests.telemetry.telemetry_test.TestTelemetry" file="tests/telemetry/telemetry_test.py" line="36" name="test_decr" time="0.000"></testcase><testcase classname="tests.telemetry.telemetry_test.TestTelemetry" file="tests/telemetry/telemetry_test.py" line="40" name="test_runtime" time="1.004"></testcase><testcase classname="tests.telemetry.telemetry_test.TestTelemetry" file="tests/telemetry/telemetry_test.py" line="49" name="test_runtime_micro" time="0.256"></testcase><testcase classname="tests.telemetry.wrappers_test.TestTelemetryWrappers" file="tests/telemetry/wrappers_test.py" line="17" name="test_constants" time="0.001"></testcase>
  </testsuite>
</testsuites>
